INFO - 2023-10-15 02:32:44 --> Session: Class initialized using 'CodeIgniter\Session\Handlers\FileHandler' driver.
WARNING - 2023-10-15 02:32:44 --> [DEPRECATED] base64_encode(): Passing null to parameter #1 ($string) of type string is deprecated in APPPATH\Views\public\cart.php on line 98.
 1 APPPATH\Views\public\cart.php(98): base64_encode(null)
 2 SYSTEMPATH\View\View.php(226): include('C:\\Users\\marcs\\OneDrive\\Documents\\GitHub\\ci-ecomerce\\app\\Views\\public\\cart.php')
 3 SYSTEMPATH\View\View.php(229): CodeIgniter\View\View->CodeIgniter\View\{closure}()
 4 SYSTEMPATH\Common.php(1188): CodeIgniter\View\View->render('public/cart', [], true)
 5 APPPATH\Controllers\Public\Cart.php(46): view('public/cart', [...])
 6 SYSTEMPATH\CodeIgniter.php(919): App\Controllers\Public\Cart->index()
 7 SYSTEMPATH\CodeIgniter.php(494): CodeIgniter\CodeIgniter->runController(Object(App\Controllers\Public\Cart))
 8 SYSTEMPATH\CodeIgniter.php(353): CodeIgniter\CodeIgniter->handleRequest(null, Object(Config\Cache), false)
 9 FCPATH\index.php(79): CodeIgniter\CodeIgniter->run()
10 SYSTEMPATH\Commands\Server\rewrite.php(47): require_once('C:\\Users\\marcs\\OneDrive\\Documents\\GitHub\\ci-ecomerce\\public\\index.php')
INFO - 2023-10-15 02:32:55 --> Session: Class initialized using 'CodeIgniter\Session\Handlers\FileHandler' driver.
INFO - 2023-10-15 02:32:55 --> Session: Class initialized using 'CodeIgniter\Session\Handlers\FileHandler' driver.
INFO - 2023-10-15 02:33:09 --> Session: Class initialized using 'CodeIgniter\Session\Handlers\FileHandler' driver.
INFO - 2023-10-15 02:33:57 --> Session: Class initialized using 'CodeIgniter\Session\Handlers\FileHandler' driver.
INFO - 2023-10-15 02:34:03 --> Session: Class initialized using 'CodeIgniter\Session\Handlers\FileHandler' driver.
INFO - 2023-10-15 02:34:06 --> Session: Class initialized using 'CodeIgniter\Session\Handlers\FileHandler' driver.
INFO - 2023-10-15 02:34:07 --> Session: Class initialized using 'CodeIgniter\Session\Handlers\FileHandler' driver.
INFO - 2023-10-15 02:34:11 --> Session: Class initialized using 'CodeIgniter\Session\Handlers\FileHandler' driver.
INFO - 2023-10-15 02:34:21 --> Session: Class initialized using 'CodeIgniter\Session\Handlers\FileHandler' driver.
INFO - 2023-10-15 02:34:22 --> Session: Class initialized using 'CodeIgniter\Session\Handlers\FileHandler' driver.
INFO - 2023-10-15 02:34:23 --> Session: Class initialized using 'CodeIgniter\Session\Handlers\FileHandler' driver.
INFO - 2023-10-15 02:34:23 --> Session: Class initialized using 'CodeIgniter\Session\Handlers\FileHandler' driver.
INFO - 2023-10-15 02:34:24 --> Session: Class initialized using 'CodeIgniter\Session\Handlers\FileHandler' driver.
INFO - 2023-10-15 02:34:25 --> Session: Class initialized using 'CodeIgniter\Session\Handlers\FileHandler' driver.
INFO - 2023-10-15 02:34:26 --> Session: Class initialized using 'CodeIgniter\Session\Handlers\FileHandler' driver.
INFO - 2023-10-15 02:34:26 --> Session: Class initialized using 'CodeIgniter\Session\Handlers\FileHandler' driver.
INFO - 2023-10-15 02:34:26 --> Session: Class initialized using 'CodeIgniter\Session\Handlers\FileHandler' driver.
INFO - 2023-10-15 02:34:27 --> Session: Class initialized using 'CodeIgniter\Session\Handlers\FileHandler' driver.
INFO - 2023-10-15 02:34:27 --> Session: Class initialized using 'CodeIgniter\Session\Handlers\FileHandler' driver.
INFO - 2023-10-15 02:34:27 --> Session: Class initialized using 'CodeIgniter\Session\Handlers\FileHandler' driver.
INFO - 2023-10-15 02:34:28 --> Session: Class initialized using 'CodeIgniter\Session\Handlers\FileHandler' driver.
INFO - 2023-10-15 02:34:29 --> Session: Class initialized using 'CodeIgniter\Session\Handlers\FileHandler' driver.
INFO - 2023-10-15 02:34:30 --> Session: Class initialized using 'CodeIgniter\Session\Handlers\FileHandler' driver.
INFO - 2023-10-15 02:34:31 --> Session: Class initialized using 'CodeIgniter\Session\Handlers\FileHandler' driver.
INFO - 2023-10-15 02:34:31 --> Session: Class initialized using 'CodeIgniter\Session\Handlers\FileHandler' driver.
INFO - 2023-10-15 02:34:31 --> Session: Class initialized using 'CodeIgniter\Session\Handlers\FileHandler' driver.
INFO - 2023-10-15 02:34:32 --> Session: Class initialized using 'CodeIgniter\Session\Handlers\FileHandler' driver.
INFO - 2023-10-15 02:34:34 --> Session: Class initialized using 'CodeIgniter\Session\Handlers\FileHandler' driver.
INFO - 2023-10-15 02:34:34 --> Session: Class initialized using 'CodeIgniter\Session\Handlers\FileHandler' driver.
INFO - 2023-10-15 02:34:35 --> Session: Class initialized using 'CodeIgniter\Session\Handlers\FileHandler' driver.
INFO - 2023-10-15 02:34:35 --> Session: Class initialized using 'CodeIgniter\Session\Handlers\FileHandler' driver.
INFO - 2023-10-15 02:34:36 --> Session: Class initialized using 'CodeIgniter\Session\Handlers\FileHandler' driver.
INFO - 2023-10-15 02:34:37 --> Session: Class initialized using 'CodeIgniter\Session\Handlers\FileHandler' driver.
INFO - 2023-10-15 02:34:37 --> Session: Class initialized using 'CodeIgniter\Session\Handlers\FileHandler' driver.
INFO - 2023-10-15 02:34:38 --> Session: Class initialized using 'CodeIgniter\Session\Handlers\FileHandler' driver.
INFO - 2023-10-15 02:35:02 --> Session: Class initialized using 'CodeIgniter\Session\Handlers\FileHandler' driver.
INFO - 2023-10-15 02:38:28 --> Session: Class initialized using 'CodeIgniter\Session\Handlers\FileHandler' driver.
INFO - 2023-10-15 02:38:34 --> Session: Class initialized using 'CodeIgniter\Session\Handlers\FileHandler' driver.
INFO - 2023-10-15 02:38:46 --> Session: Class initialized using 'CodeIgniter\Session\Handlers\FileHandler' driver.
INFO - 2023-10-15 02:38:59 --> Session: Class initialized using 'CodeIgniter\Session\Handlers\FileHandler' driver.
INFO - 2023-10-15 02:45:11 --> Session: Class initialized using 'CodeIgniter\Session\Handlers\FileHandler' driver.
INFO - 2023-10-15 02:45:23 --> Session: Class initialized using 'CodeIgniter\Session\Handlers\FileHandler' driver.
CRITICAL - 2023-10-15 02:46:27 --> Undefined variable $productId
in APPPATH\Views\public\payment.php on line 4.
 1 APPPATH\Views\public\payment.php(4): CodeIgniter\Debug\Exceptions->errorHandler(2, 'Undefined variable $productId', 'C:\\Users\\marcs\\OneDrive\\Documents\\GitHub\\ci-ecomerce\\app\\Views\\public\\payment.php', 4)
 2 SYSTEMPATH\View\View.php(226): include('C:\\Users\\marcs\\OneDrive\\Documents\\GitHub\\ci-ecomerce\\app\\Views\\public\\payment.php')
 3 SYSTEMPATH\View\View.php(229): CodeIgniter\View\View->CodeIgniter\View\{closure}()
 4 SYSTEMPATH\Common.php(1188): CodeIgniter\View\View->render('public/payment', [], true)
 5 APPPATH\Controllers\Public\Transaction.php(116): view('public/payment')
 6 SYSTEMPATH\CodeIgniter.php(919): App\Controllers\Public\Transaction->payment()
 7 SYSTEMPATH\CodeIgniter.php(494): CodeIgniter\CodeIgniter->runController(Object(App\Controllers\Public\Transaction))
 8 SYSTEMPATH\CodeIgniter.php(353): CodeIgniter\CodeIgniter->handleRequest(null, Object(Config\Cache), false)
 9 FCPATH\index.php(79): CodeIgniter\CodeIgniter->run()
10 SYSTEMPATH\Commands\Server\rewrite.php(47): require_once('C:\\Users\\marcs\\OneDrive\\Documents\\GitHub\\ci-ecomerce\\public\\index.php')
INFO - 2023-10-15 02:46:34 --> Session: Class initialized using 'CodeIgniter\Session\Handlers\FileHandler' driver.
CRITICAL - 2023-10-15 02:46:49 --> Undefined variable $productId
in APPPATH\Views\public\payment.php on line 4.
 1 APPPATH\Views\public\payment.php(4): CodeIgniter\Debug\Exceptions->errorHandler(2, 'Undefined variable $productId', 'C:\\Users\\marcs\\OneDrive\\Documents\\GitHub\\ci-ecomerce\\app\\Views\\public\\payment.php', 4)
 2 SYSTEMPATH\View\View.php(226): include('C:\\Users\\marcs\\OneDrive\\Documents\\GitHub\\ci-ecomerce\\app\\Views\\public\\payment.php')
 3 SYSTEMPATH\View\View.php(229): CodeIgniter\View\View->CodeIgniter\View\{closure}()
 4 SYSTEMPATH\Common.php(1188): CodeIgniter\View\View->render('public/payment', [], true)
 5 APPPATH\Controllers\Public\Transaction.php(116): view('public/payment')
 6 SYSTEMPATH\CodeIgniter.php(919): App\Controllers\Public\Transaction->payment()
 7 SYSTEMPATH\CodeIgniter.php(494): CodeIgniter\CodeIgniter->runController(Object(App\Controllers\Public\Transaction))
 8 SYSTEMPATH\CodeIgniter.php(353): CodeIgniter\CodeIgniter->handleRequest(null, Object(Config\Cache), false)
 9 FCPATH\index.php(79): CodeIgniter\CodeIgniter->run()
10 SYSTEMPATH\Commands\Server\rewrite.php(47): require_once('C:\\Users\\marcs\\OneDrive\\Documents\\GitHub\\ci-ecomerce\\public\\index.php')
CRITICAL - 2023-10-15 02:48:22 --> Undefined property: App\Controllers\Public\Transaction::$data
in APPPATH\Controllers\Public\Transaction.php on line 119.
 1 APPPATH\Controllers\Public\Transaction.php(119): CodeIgniter\Debug\Exceptions->errorHandler(2, 'Undefined property: App\\Controllers\\Public\\Transaction::$data', 'C:\\Users\\marcs\\OneDrive\\Documents\\GitHub\\ci-ecomerce\\app\\Controllers\\Public\\Transaction.php', 119)
 2 SYSTEMPATH\CodeIgniter.php(919): App\Controllers\Public\Transaction->payment()
 3 SYSTEMPATH\CodeIgniter.php(494): CodeIgniter\CodeIgniter->runController(Object(App\Controllers\Public\Transaction))
 4 SYSTEMPATH\CodeIgniter.php(353): CodeIgniter\CodeIgniter->handleRequest(null, Object(Config\Cache), false)
 5 FCPATH\index.php(79): CodeIgniter\CodeIgniter->run()
 6 SYSTEMPATH\Commands\Server\rewrite.php(47): require_once('C:\\Users\\marcs\\OneDrive\\Documents\\GitHub\\ci-ecomerce\\public\\index.php')
CRITICAL - 2023-10-15 02:48:34 --> Undefined variable $productId
in APPPATH\Views\public\payment.php on line 4.
 1 APPPATH\Views\public\payment.php(4): CodeIgniter\Debug\Exceptions->errorHandler(2, 'Undefined variable $productId', 'C:\\Users\\marcs\\OneDrive\\Documents\\GitHub\\ci-ecomerce\\app\\Views\\public\\payment.php', 4)
 2 SYSTEMPATH\View\View.php(226): include('C:\\Users\\marcs\\OneDrive\\Documents\\GitHub\\ci-ecomerce\\app\\Views\\public\\payment.php')
 3 SYSTEMPATH\View\View.php(229): CodeIgniter\View\View->CodeIgniter\View\{closure}()
 4 SYSTEMPATH\Common.php(1188): CodeIgniter\View\View->render('public/payment', [], true)
 5 APPPATH\Controllers\Public\Transaction.php(121): view('public/payment')
 6 SYSTEMPATH\CodeIgniter.php(919): App\Controllers\Public\Transaction->payment()
 7 SYSTEMPATH\CodeIgniter.php(494): CodeIgniter\CodeIgniter->runController(Object(App\Controllers\Public\Transaction))
 8 SYSTEMPATH\CodeIgniter.php(353): CodeIgniter\CodeIgniter->handleRequest(null, Object(Config\Cache), false)
 9 FCPATH\index.php(79): CodeIgniter\CodeIgniter->run()
10 SYSTEMPATH\Commands\Server\rewrite.php(47): require_once('C:\\Users\\marcs\\OneDrive\\Documents\\GitHub\\ci-ecomerce\\public\\index.php')
INFO - 2023-10-15 02:48:44 --> Session: Class initialized using 'CodeIgniter\Session\Handlers\FileHandler' driver.
INFO - 2023-10-15 02:48:48 --> Session: Class initialized using 'CodeIgniter\Session\Handlers\FileHandler' driver.
CRITICAL - 2023-10-15 02:49:03 --> Call to undefined method App\Controllers\Public\Transaction::getDataAkun()
in APPPATH\Controllers\Public\Transaction.php on line 84.
 1 SYSTEMPATH\CodeIgniter.php(919): App\Controllers\Public\Transaction->checkout()
 2 SYSTEMPATH\CodeIgniter.php(494): CodeIgniter\CodeIgniter->runController(Object(App\Controllers\Public\Transaction))
 3 SYSTEMPATH\CodeIgniter.php(353): CodeIgniter\CodeIgniter->handleRequest(null, Object(Config\Cache), false)
 4 FCPATH\index.php(79): CodeIgniter\CodeIgniter->run()
 5 SYSTEMPATH\Commands\Server\rewrite.php(47): require_once('C:\\Users\\marcs\\OneDrive\\Documents\\GitHub\\ci-ecomerce\\public\\index.php')
INFO - 2023-10-15 02:55:58 --> Session: Class initialized using 'CodeIgniter\Session\Handlers\FileHandler' driver.
INFO - 2023-10-15 02:56:40 --> Session: Class initialized using 'CodeIgniter\Session\Handlers\FileHandler' driver.
CRITICAL - 2023-10-15 02:57:22 --> Undefined variable $total_bayar
in APPPATH\Views\public\payment.php on line 5.
 1 APPPATH\Views\public\payment.php(5): CodeIgniter\Debug\Exceptions->errorHandler(2, 'Undefined variable $total_bayar', 'C:\\Users\\marcs\\OneDrive\\Documents\\GitHub\\ci-ecomerce\\app\\Views\\public\\payment.php', 5)
 2 SYSTEMPATH\View\View.php(226): include('C:\\Users\\marcs\\OneDrive\\Documents\\GitHub\\ci-ecomerce\\app\\Views\\public\\payment.php')
 3 SYSTEMPATH\View\View.php(229): CodeIgniter\View\View->CodeIgniter\View\{closure}()
 4 SYSTEMPATH\Common.php(1188): CodeIgniter\View\View->render('public/payment', [], true)
 5 APPPATH\Controllers\Public\Transaction.php(91): view('public/payment', [...])
 6 SYSTEMPATH\CodeIgniter.php(919): App\Controllers\Public\Transaction->checkout()
 7 SYSTEMPATH\CodeIgniter.php(494): CodeIgniter\CodeIgniter->runController(Object(App\Controllers\Public\Transaction))
 8 SYSTEMPATH\CodeIgniter.php(353): CodeIgniter\CodeIgniter->handleRequest(null, Object(Config\Cache), false)
 9 FCPATH\index.php(79): CodeIgniter\CodeIgniter->run()
10 SYSTEMPATH\Commands\Server\rewrite.php(47): require_once('C:\\Users\\marcs\\OneDrive\\Documents\\GitHub\\ci-ecomerce\\public\\index.php')
CRITICAL - 2023-10-15 02:57:38 --> Undefined variable $total_pembayaran
in APPPATH\Views\public\payment.php on line 5.
 1 APPPATH\Views\public\payment.php(5): CodeIgniter\Debug\Exceptions->errorHandler(2, 'Undefined variable $total_pembayaran', 'C:\\Users\\marcs\\OneDrive\\Documents\\GitHub\\ci-ecomerce\\app\\Views\\public\\payment.php', 5)
 2 SYSTEMPATH\View\View.php(226): include('C:\\Users\\marcs\\OneDrive\\Documents\\GitHub\\ci-ecomerce\\app\\Views\\public\\payment.php')
 3 SYSTEMPATH\View\View.php(229): CodeIgniter\View\View->CodeIgniter\View\{closure}()
 4 SYSTEMPATH\Common.php(1188): CodeIgniter\View\View->render('public/payment', [], true)
 5 APPPATH\Controllers\Public\Transaction.php(91): view('public/payment', [...])
 6 SYSTEMPATH\CodeIgniter.php(919): App\Controllers\Public\Transaction->checkout()
 7 SYSTEMPATH\CodeIgniter.php(494): CodeIgniter\CodeIgniter->runController(Object(App\Controllers\Public\Transaction))
 8 SYSTEMPATH\CodeIgniter.php(353): CodeIgniter\CodeIgniter->handleRequest(null, Object(Config\Cache), false)
 9 FCPATH\index.php(79): CodeIgniter\CodeIgniter->run()
10 SYSTEMPATH\Commands\Server\rewrite.php(47): require_once('C:\\Users\\marcs\\OneDrive\\Documents\\GitHub\\ci-ecomerce\\public\\index.php')
INFO - 2023-10-15 02:58:12 --> Session: Class initialized using 'CodeIgniter\Session\Handlers\FileHandler' driver.
INFO - 2023-10-15 02:59:12 --> Session: Class initialized using 'CodeIgniter\Session\Handlers\FileHandler' driver.
INFO - 2023-10-15 02:59:18 --> Session: Class initialized using 'CodeIgniter\Session\Handlers\FileHandler' driver.
CRITICAL - 2023-10-15 03:04:19 --> Maximum execution time of 60 seconds exceeded
in VENDORPATH\guzzlehttp\guzzle\src\Handler\CurlHandler.php on line 45.
 1 [internal function]: CodeIgniter\Debug\Exceptions->shutdownHandler()
INFO - 2023-10-15 03:04:21 --> Session: Class initialized using 'CodeIgniter\Session\Handlers\FileHandler' driver.
INFO - 2023-10-15 03:11:00 --> Session: Class initialized using 'CodeIgniter\Session\Handlers\FileHandler' driver.
INFO - 2023-10-15 03:12:00 --> Session: Class initialized using 'CodeIgniter\Session\Handlers\FileHandler' driver.
INFO - 2023-10-15 03:13:59 --> Session: Class initialized using 'CodeIgniter\Session\Handlers\FileHandler' driver.
INFO - 2023-10-15 03:14:22 --> Session: Class initialized using 'CodeIgniter\Session\Handlers\FileHandler' driver.
INFO - 2023-10-15 03:14:30 --> Session: Class initialized using 'CodeIgniter\Session\Handlers\FileHandler' driver.
INFO - 2023-10-15 03:14:36 --> Session: Class initialized using 'CodeIgniter\Session\Handlers\FileHandler' driver.
INFO - 2023-10-15 03:14:54 --> Session: Class initialized using 'CodeIgniter\Session\Handlers\FileHandler' driver.
INFO - 2023-10-15 03:16:25 --> Session: Class initialized using 'CodeIgniter\Session\Handlers\FileHandler' driver.
INFO - 2023-10-15 03:24:23 --> Session: Class initialized using 'CodeIgniter\Session\Handlers\FileHandler' driver.
CRITICAL - 2023-10-15 03:29:30 --> syntax error, unexpected token "=", expecting "]"
in APPPATH\Controllers\Public\Transaction.php on line 105.
 1 SYSTEMPATH\Autoloader\Autoloader.php(285): CodeIgniter\Autoloader\Autoloader->includeFile('C:\\Users\\marcs\\OneDrive\\Documents\\GitHub\\ci-ecomerce\\app\\Controllers\\Public\\Transaction.php')
 2 SYSTEMPATH\Autoloader\Autoloader.php(263): CodeIgniter\Autoloader\Autoloader->loadInNamespace('App\\Controllers\\Public\\Transaction')
 3 [internal function]: CodeIgniter\Autoloader\Autoloader->loadClass('App\\Controllers\\Public\\Transaction')
 4 SYSTEMPATH\CodeIgniter.php(877): class_exists('\\App\\Controllers\\Public\\Transaction', true)
 5 SYSTEMPATH\CodeIgniter.php(481): CodeIgniter\CodeIgniter->startController()
 6 SYSTEMPATH\CodeIgniter.php(353): CodeIgniter\CodeIgniter->handleRequest(null, Object(Config\Cache), false)
 7 FCPATH\index.php(79): CodeIgniter\CodeIgniter->run()
 8 SYSTEMPATH\Commands\Server\rewrite.php(47): require_once('C:\\Users\\marcs\\OneDrive\\Documents\\GitHub\\ci-ecomerce\\public\\index.php')
CRITICAL - 2023-10-15 03:30:06 --> syntax error, unexpected token "=", expecting "]"
in APPPATH\Controllers\Public\Transaction.php on line 105.
 1 SYSTEMPATH\Autoloader\Autoloader.php(285): CodeIgniter\Autoloader\Autoloader->includeFile('C:\\Users\\marcs\\OneDrive\\Documents\\GitHub\\ci-ecomerce\\app\\Controllers\\Public\\Transaction.php')
 2 SYSTEMPATH\Autoloader\Autoloader.php(263): CodeIgniter\Autoloader\Autoloader->loadInNamespace('App\\Controllers\\Public\\Transaction')
 3 [internal function]: CodeIgniter\Autoloader\Autoloader->loadClass('App\\Controllers\\Public\\Transaction')
 4 SYSTEMPATH\CodeIgniter.php(877): class_exists('\\App\\Controllers\\Public\\Transaction', true)
 5 SYSTEMPATH\CodeIgniter.php(481): CodeIgniter\CodeIgniter->startController()
 6 SYSTEMPATH\CodeIgniter.php(353): CodeIgniter\CodeIgniter->handleRequest(null, Object(Config\Cache), false)
 7 FCPATH\index.php(79): CodeIgniter\CodeIgniter->run()
 8 SYSTEMPATH\Commands\Server\rewrite.php(47): require_once('C:\\Users\\marcs\\OneDrive\\Documents\\GitHub\\ci-ecomerce\\public\\index.php')
INFO - 2023-10-15 03:30:39 --> Session: Class initialized using 'CodeIgniter\Session\Handlers\FileHandler' driver.
CRITICAL - 2023-10-15 03:39:37 --> Undefined variable $transaksiModel
in APPPATH\Controllers\Public\Transaction.php on line 111.
 1 APPPATH\Controllers\Public\Transaction.php(111): CodeIgniter\Debug\Exceptions->errorHandler(2, 'Undefined variable $transaksiModel', 'C:\\Users\\marcs\\OneDrive\\Documents\\GitHub\\ci-ecomerce\\app\\Controllers\\Public\\Transaction.php', 111)
 2 SYSTEMPATH\CodeIgniter.php(919): App\Controllers\Public\Transaction->checkout()
 3 SYSTEMPATH\CodeIgniter.php(494): CodeIgniter\CodeIgniter->runController(Object(App\Controllers\Public\Transaction))
 4 SYSTEMPATH\CodeIgniter.php(353): CodeIgniter\CodeIgniter->handleRequest(null, Object(Config\Cache), false)
 5 FCPATH\index.php(79): CodeIgniter\CodeIgniter->run()
 6 SYSTEMPATH\Commands\Server\rewrite.php(47): require_once('C:\\Users\\marcs\\OneDrive\\Documents\\GitHub\\ci-ecomerce\\public\\index.php')
INFO - 2023-10-15 03:39:53 --> Session: Class initialized using 'CodeIgniter\Session\Handlers\FileHandler' driver.
INFO - 2023-10-15 03:40:39 --> Session: Class initialized using 'CodeIgniter\Session\Handlers\FileHandler' driver.
INFO - 2023-10-15 03:41:28 --> Session: Class initialized using 'CodeIgniter\Session\Handlers\FileHandler' driver.
INFO - 2023-10-15 03:42:13 --> Session: Class initialized using 'CodeIgniter\Session\Handlers\FileHandler' driver.
INFO - 2023-10-15 03:42:17 --> Session: Class initialized using 'CodeIgniter\Session\Handlers\FileHandler' driver.
INFO - 2023-10-15 03:42:17 --> Session: Class initialized using 'CodeIgniter\Session\Handlers\FileHandler' driver.
INFO - 2023-10-15 03:42:18 --> Session: Class initialized using 'CodeIgniter\Session\Handlers\FileHandler' driver.
INFO - 2023-10-15 03:42:19 --> Session: Class initialized using 'CodeIgniter\Session\Handlers\FileHandler' driver.
INFO - 2023-10-15 03:42:20 --> Session: Class initialized using 'CodeIgniter\Session\Handlers\FileHandler' driver.
INFO - 2023-10-15 03:42:21 --> Session: Class initialized using 'CodeIgniter\Session\Handlers\FileHandler' driver.
INFO - 2023-10-15 03:42:22 --> Session: Class initialized using 'CodeIgniter\Session\Handlers\FileHandler' driver.
INFO - 2023-10-15 03:42:23 --> Session: Class initialized using 'CodeIgniter\Session\Handlers\FileHandler' driver.
INFO - 2023-10-15 03:42:41 --> Session: Class initialized using 'CodeIgniter\Session\Handlers\FileHandler' driver.
INFO - 2023-10-15 03:46:22 --> Session: Class initialized using 'CodeIgniter\Session\Handlers\FileHandler' driver.
INFO - 2023-10-15 03:53:40 --> Session: Class initialized using 'CodeIgniter\Session\Handlers\FileHandler' driver.
CRITICAL - 2023-10-15 03:54:05 --> Undefined variable $idAkunDecoded
in APPPATH\Views\public\payment.php on line 4.
 1 APPPATH\Views\public\payment.php(4): CodeIgniter\Debug\Exceptions->errorHandler(2, 'Undefined variable $idAkunDecoded', 'C:\\Users\\marcs\\OneDrive\\Documents\\GitHub\\ci-ecomerce\\app\\Views\\public\\payment.php', 4)
 2 SYSTEMPATH\View\View.php(226): include('C:\\Users\\marcs\\OneDrive\\Documents\\GitHub\\ci-ecomerce\\app\\Views\\public\\payment.php')
 3 SYSTEMPATH\View\View.php(229): CodeIgniter\View\View->CodeIgniter\View\{closure}()
 4 SYSTEMPATH\Common.php(1188): CodeIgniter\View\View->render('public/payment', [], true)
 5 APPPATH\Controllers\Public\Transaction.php(140): view('public/payment')
 6 SYSTEMPATH\CodeIgniter.php(919): App\Controllers\Public\Transaction->payment()
 7 SYSTEMPATH\CodeIgniter.php(494): CodeIgniter\CodeIgniter->runController(Object(App\Controllers\Public\Transaction))
 8 SYSTEMPATH\CodeIgniter.php(353): CodeIgniter\CodeIgniter->handleRequest(null, Object(Config\Cache), false)
 9 FCPATH\index.php(79): CodeIgniter\CodeIgniter->run()
10 SYSTEMPATH\Commands\Server\rewrite.php(47): require_once('C:\\Users\\marcs\\OneDrive\\Documents\\GitHub\\ci-ecomerce\\public\\index.php')
INFO - 2023-10-15 03:54:32 --> Session: Class initialized using 'CodeIgniter\Session\Handlers\FileHandler' driver.
INFO - 2023-10-15 03:56:25 --> Session: Class initialized using 'CodeIgniter\Session\Handlers\FileHandler' driver.
INFO - 2023-10-15 03:57:22 --> Session: Class initialized using 'CodeIgniter\Session\Handlers\FileHandler' driver.
INFO - 2023-10-15 03:59:28 --> Session: Class initialized using 'CodeIgniter\Session\Handlers\FileHandler' driver.
CRITICAL - 2023-10-15 04:12:07 --> Undefined variable $booking_code
in APPPATH\Views\public\payment.php on line 17.
 1 APPPATH\Views\public\payment.php(17): CodeIgniter\Debug\Exceptions->errorHandler(2, 'Undefined variable $booking_code', 'C:\\Users\\marcs\\OneDrive\\Documents\\GitHub\\ci-ecomerce\\app\\Views\\public\\payment.php', 17)
 2 SYSTEMPATH\View\View.php(226): include('C:\\Users\\marcs\\OneDrive\\Documents\\GitHub\\ci-ecomerce\\app\\Views\\public\\payment.php')
 3 SYSTEMPATH\View\View.php(229): CodeIgniter\View\View->CodeIgniter\View\{closure}()
 4 SYSTEMPATH\Common.php(1188): CodeIgniter\View\View->render('public/payment', [], true)
 5 APPPATH\Controllers\Public\Transaction.php(140): view('public/payment')
 6 SYSTEMPATH\CodeIgniter.php(919): App\Controllers\Public\Transaction->payment()
 7 SYSTEMPATH\CodeIgniter.php(494): CodeIgniter\CodeIgniter->runController(Object(App\Controllers\Public\Transaction))
 8 SYSTEMPATH\CodeIgniter.php(353): CodeIgniter\CodeIgniter->handleRequest(null, Object(Config\Cache), false)
 9 FCPATH\index.php(79): CodeIgniter\CodeIgniter->run()
10 SYSTEMPATH\Commands\Server\rewrite.php(47): require_once('C:\\Users\\marcs\\OneDrive\\Documents\\GitHub\\ci-ecomerce\\public\\index.php')
INFO - 2023-10-15 04:12:21 --> Session: Class initialized using 'CodeIgniter\Session\Handlers\FileHandler' driver.
INFO - 2023-10-15 04:16:07 --> Session: Class initialized using 'CodeIgniter\Session\Handlers\FileHandler' driver.
INFO - 2023-10-15 04:17:36 --> Session: Class initialized using 'CodeIgniter\Session\Handlers\FileHandler' driver.
INFO - 2023-10-15 04:19:28 --> Session: Class initialized using 'CodeIgniter\Session\Handlers\FileHandler' driver.
INFO - 2023-10-15 04:19:38 --> Session: Class initialized using 'CodeIgniter\Session\Handlers\FileHandler' driver.
INFO - 2023-10-15 04:19:48 --> Session: Class initialized using 'CodeIgniter\Session\Handlers\FileHandler' driver.
INFO - 2023-10-15 04:19:58 --> Session: Class initialized using 'CodeIgniter\Session\Handlers\FileHandler' driver.
INFO - 2023-10-15 04:20:18 --> Session: Class initialized using 'CodeIgniter\Session\Handlers\FileHandler' driver.
INFO - 2023-10-15 04:22:02 --> Session: Class initialized using 'CodeIgniter\Session\Handlers\FileHandler' driver.
INFO - 2023-10-15 04:22:07 --> Session: Class initialized using 'CodeIgniter\Session\Handlers\FileHandler' driver.
INFO - 2023-10-15 04:22:13 --> Session: Class initialized using 'CodeIgniter\Session\Handlers\FileHandler' driver.
INFO - 2023-10-15 04:22:20 --> Session: Class initialized using 'CodeIgniter\Session\Handlers\FileHandler' driver.
INFO - 2023-10-15 04:22:29 --> Session: Class initialized using 'CodeIgniter\Session\Handlers\FileHandler' driver.
INFO - 2023-10-15 04:22:54 --> Session: Class initialized using 'CodeIgniter\Session\Handlers\FileHandler' driver.
INFO - 2023-10-15 04:27:47 --> Session: Class initialized using 'CodeIgniter\Session\Handlers\FileHandler' driver.
INFO - 2023-10-15 04:27:53 --> Session: Class initialized using 'CodeIgniter\Session\Handlers\FileHandler' driver.
INFO - 2023-10-15 04:35:01 --> Session: Class initialized using 'CodeIgniter\Session\Handlers\FileHandler' driver.
INFO - 2023-10-15 04:35:37 --> Session: Class initialized using 'CodeIgniter\Session\Handlers\FileHandler' driver.
INFO - 2023-10-15 04:37:02 --> Session: Class initialized using 'CodeIgniter\Session\Handlers\FileHandler' driver.
INFO - 2023-10-15 04:37:41 --> Session: Class initialized using 'CodeIgniter\Session\Handlers\FileHandler' driver.
CRITICAL - 2023-10-15 04:38:46 --> Array callback must have exactly two elements
in APPPATH\Views\public\payment.php on line 17.
 1 SYSTEMPATH\View\View.php(226): include()
 2 SYSTEMPATH\View\View.php(229): CodeIgniter\View\View->CodeIgniter\View\{closure}()
 3 SYSTEMPATH\Common.php(1188): CodeIgniter\View\View->render('public/payment', [], true)
 4 APPPATH\Controllers\Public\Transaction.php(139): view('public/payment', [...])
 5 SYSTEMPATH\CodeIgniter.php(919): App\Controllers\Public\Transaction->payment('MTA=')
 6 SYSTEMPATH\CodeIgniter.php(494): CodeIgniter\CodeIgniter->runController(Object(App\Controllers\Public\Transaction))
 7 SYSTEMPATH\CodeIgniter.php(353): CodeIgniter\CodeIgniter->handleRequest(null, Object(Config\Cache), false)
 8 FCPATH\index.php(79): CodeIgniter\CodeIgniter->run()
 9 SYSTEMPATH\Commands\Server\rewrite.php(47): require_once('C:\\Users\\marcs\\OneDrive\\Documents\\GitHub\\ci-ecomerce\\public\\index.php')
INFO - 2023-10-15 04:39:13 --> Session: Class initialized using 'CodeIgniter\Session\Handlers\FileHandler' driver.
INFO - 2023-10-15 04:39:38 --> Session: Class initialized using 'CodeIgniter\Session\Handlers\FileHandler' driver.
INFO - 2023-10-15 04:49:21 --> Session: Class initialized using 'CodeIgniter\Session\Handlers\FileHandler' driver.
INFO - 2023-10-15 04:49:42 --> Session: Class initialized using 'CodeIgniter\Session\Handlers\FileHandler' driver.
INFO - 2023-10-15 04:50:01 --> Session: Class initialized using 'CodeIgniter\Session\Handlers\FileHandler' driver.
INFO - 2023-10-15 04:50:12 --> Session: Class initialized using 'CodeIgniter\Session\Handlers\FileHandler' driver.
INFO - 2023-10-15 04:52:35 --> Session: Class initialized using 'CodeIgniter\Session\Handlers\FileHandler' driver.
INFO - 2023-10-15 05:21:35 --> Session: Class initialized using 'CodeIgniter\Session\Handlers\FileHandler' driver.
INFO - 2023-10-15 05:21:52 --> Session: Class initialized using 'CodeIgniter\Session\Handlers\FileHandler' driver.
INFO - 2023-10-15 05:21:59 --> Session: Class initialized using 'CodeIgniter\Session\Handlers\FileHandler' driver.
INFO - 2023-10-15 05:22:18 --> Session: Class initialized using 'CodeIgniter\Session\Handlers\FileHandler' driver.
INFO - 2023-10-15 05:24:20 --> Session: Class initialized using 'CodeIgniter\Session\Handlers\FileHandler' driver.
INFO - 2023-10-15 05:24:49 --> Session: Class initialized using 'CodeIgniter\Session\Handlers\FileHandler' driver.
INFO - 2023-10-15 05:24:50 --> Session: Class initialized using 'CodeIgniter\Session\Handlers\FileHandler' driver.
INFO - 2023-10-15 05:25:06 --> Session: Class initialized using 'CodeIgniter\Session\Handlers\FileHandler' driver.
INFO - 2023-10-15 05:25:32 --> Session: Class initialized using 'CodeIgniter\Session\Handlers\FileHandler' driver.
INFO - 2023-10-15 05:25:32 --> Session: Class initialized using 'CodeIgniter\Session\Handlers\FileHandler' driver.
INFO - 2023-10-15 05:26:12 --> Session: Class initialized using 'CodeIgniter\Session\Handlers\FileHandler' driver.
INFO - 2023-10-15 05:26:12 --> Session: Class initialized using 'CodeIgniter\Session\Handlers\FileHandler' driver.
INFO - 2023-10-15 05:26:24 --> Session: Class initialized using 'CodeIgniter\Session\Handlers\FileHandler' driver.
INFO - 2023-10-15 05:26:25 --> Session: Class initialized using 'CodeIgniter\Session\Handlers\FileHandler' driver.
INFO - 2023-10-15 05:26:26 --> Session: Class initialized using 'CodeIgniter\Session\Handlers\FileHandler' driver.
INFO - 2023-10-15 05:31:45 --> Session: Class initialized using 'CodeIgniter\Session\Handlers\FileHandler' driver.
INFO - 2023-10-15 05:31:51 --> Session: Class initialized using 'CodeIgniter\Session\Handlers\FileHandler' driver.
INFO - 2023-10-15 05:37:11 --> Session: Class initialized using 'CodeIgniter\Session\Handlers\FileHandler' driver.
INFO - 2023-10-15 05:37:27 --> Session: Class initialized using 'CodeIgniter\Session\Handlers\FileHandler' driver.
INFO - 2023-10-15 05:37:32 --> Session: Class initialized using 'CodeIgniter\Session\Handlers\FileHandler' driver.
INFO - 2023-10-15 05:37:33 --> Session: Class initialized using 'CodeIgniter\Session\Handlers\FileHandler' driver.
INFO - 2023-10-15 05:37:47 --> Session: Class initialized using 'CodeIgniter\Session\Handlers\FileHandler' driver.
INFO - 2023-10-15 05:37:48 --> Session: Class initialized using 'CodeIgniter\Session\Handlers\FileHandler' driver.
INFO - 2023-10-15 05:37:49 --> Session: Class initialized using 'CodeIgniter\Session\Handlers\FileHandler' driver.
INFO - 2023-10-15 05:37:58 --> Session: Class initialized using 'CodeIgniter\Session\Handlers\FileHandler' driver.
INFO - 2023-10-15 05:38:29 --> Session: Class initialized using 'CodeIgniter\Session\Handlers\FileHandler' driver.
INFO - 2023-10-15 05:38:35 --> Session: Class initialized using 'CodeIgniter\Session\Handlers\FileHandler' driver.
INFO - 2023-10-15 05:39:17 --> Session: Class initialized using 'CodeIgniter\Session\Handlers\FileHandler' driver.
INFO - 2023-10-15 05:39:44 --> Session: Class initialized using 'CodeIgniter\Session\Handlers\FileHandler' driver.
INFO - 2023-10-15 05:39:44 --> Session: Class initialized using 'CodeIgniter\Session\Handlers\FileHandler' driver.
INFO - 2023-10-15 05:39:54 --> Session: Class initialized using 'CodeIgniter\Session\Handlers\FileHandler' driver.
INFO - 2023-10-15 05:39:56 --> Session: Class initialized using 'CodeIgniter\Session\Handlers\FileHandler' driver.
INFO - 2023-10-15 05:40:13 --> Session: Class initialized using 'CodeIgniter\Session\Handlers\FileHandler' driver.
INFO - 2023-10-15 05:40:19 --> Session: Class initialized using 'CodeIgniter\Session\Handlers\FileHandler' driver.
INFO - 2023-10-15 05:40:30 --> Session: Class initialized using 'CodeIgniter\Session\Handlers\FileHandler' driver.
INFO - 2023-10-15 05:40:34 --> Session: Class initialized using 'CodeIgniter\Session\Handlers\FileHandler' driver.
INFO - 2023-10-15 05:40:35 --> Session: Class initialized using 'CodeIgniter\Session\Handlers\FileHandler' driver.
INFO - 2023-10-15 05:40:36 --> Session: Class initialized using 'CodeIgniter\Session\Handlers\FileHandler' driver.
INFO - 2023-10-15 05:40:38 --> Session: Class initialized using 'CodeIgniter\Session\Handlers\FileHandler' driver.
INFO - 2023-10-15 05:40:38 --> Session: Class initialized using 'CodeIgniter\Session\Handlers\FileHandler' driver.
INFO - 2023-10-15 05:40:39 --> Session: Class initialized using 'CodeIgniter\Session\Handlers\FileHandler' driver.
INFO - 2023-10-15 05:40:40 --> Session: Class initialized using 'CodeIgniter\Session\Handlers\FileHandler' driver.
INFO - 2023-10-15 05:40:42 --> Session: Class initialized using 'CodeIgniter\Session\Handlers\FileHandler' driver.
INFO - 2023-10-15 05:44:15 --> Session: Class initialized using 'CodeIgniter\Session\Handlers\FileHandler' driver.
INFO - 2023-10-15 06:06:22 --> Session: Class initialized using 'CodeIgniter\Session\Handlers\FileHandler' driver.
INFO - 2023-10-15 06:06:34 --> Session: Class initialized using 'CodeIgniter\Session\Handlers\FileHandler' driver.
INFO - 2023-10-15 06:06:36 --> Session: Class initialized using 'CodeIgniter\Session\Handlers\FileHandler' driver.
WARNING - 2023-10-15 06:06:36 --> [DEPRECATED] base64_encode(): Passing null to parameter #1 ($string) of type string is deprecated in APPPATH\Views\public\checkout.php on line 142.
 1 APPPATH\Views\public\checkout.php(142): base64_encode(null)
 2 SYSTEMPATH\View\View.php(226): include('C:\\Users\\marcs\\OneDrive\\Documents\\GitHub\\ci-ecomerce\\app\\Views\\public\\checkout.php')
 3 SYSTEMPATH\View\View.php(229): CodeIgniter\View\View->CodeIgniter\View\{closure}()
 4 SYSTEMPATH\Common.php(1188): CodeIgniter\View\View->render('public/checkout', [], true)
 5 APPPATH\Controllers\Public\Transaction.php(48): view('public/checkout', [...])
 6 SYSTEMPATH\CodeIgniter.php(919): App\Controllers\Public\Transaction->add()
 7 SYSTEMPATH\CodeIgniter.php(494): CodeIgniter\CodeIgniter->runController(Object(App\Controllers\Public\Transaction))
 8 SYSTEMPATH\CodeIgniter.php(353): CodeIgniter\CodeIgniter->handleRequest(null, Object(Config\Cache), false)
 9 FCPATH\index.php(79): CodeIgniter\CodeIgniter->run()
10 SYSTEMPATH\Commands\Server\rewrite.php(47): require_once('C:\\Users\\marcs\\OneDrive\\Documents\\GitHub\\ci-ecomerce\\public\\index.php')
ERROR - 2023-10-15 06:06:50 --> mysqli_sql_exception: Cannot add or update a child row: a foreign key constraint fails (`db_ecommerce`.`transaksi`, CONSTRAINT `fk_akun` FOREIGN KEY (`id_akun`) REFERENCES `akun` (`id_akun`)) in C:\Users\marcs\OneDrive\Documents\GitHub\ci-ecomerce\system\Database\MySQLi\Connection.php:306
Stack trace:
#0 C:\Users\marcs\OneDrive\Documents\GitHub\ci-ecomerce\system\Database\MySQLi\Connection.php(306): mysqli->query('INSERT INTO `tr...', 0)
#1 C:\Users\marcs\OneDrive\Documents\GitHub\ci-ecomerce\system\Database\BaseConnection.php(692): CodeIgniter\Database\MySQLi\Connection->execute('INSERT INTO `tr...')
#2 C:\Users\marcs\OneDrive\Documents\GitHub\ci-ecomerce\system\Database\BaseConnection.php(606): CodeIgniter\Database\BaseConnection->simpleQuery('INSERT INTO `tr...')
#3 C:\Users\marcs\OneDrive\Documents\GitHub\ci-ecomerce\system\Database\BaseBuilder.php(2308): CodeIgniter\Database\BaseConnection->query('INSERT INTO `tr...', Array, false)
#4 C:\Users\marcs\OneDrive\Documents\GitHub\ci-ecomerce\system\Model.php(319): CodeIgniter\Database\BaseBuilder->insert()
#5 C:\Users\marcs\OneDrive\Documents\GitHub\ci-ecomerce\system\BaseModel.php(788): CodeIgniter\Model->doInsert(Array)
#6 C:\Users\marcs\OneDrive\Documents\GitHub\ci-ecomerce\system\Model.php(715): CodeIgniter\BaseModel->insert(Array, true)
#7 C:\Users\marcs\OneDrive\Documents\GitHub\ci-ecomerce\app\Controllers\Public\Transaction.php(106): CodeIgniter\Model->insert(Array)
#8 C:\Users\marcs\OneDrive\Documents\GitHub\ci-ecomerce\system\CodeIgniter.php(919): App\Controllers\Public\Transaction->checkout()
#9 C:\Users\marcs\OneDrive\Documents\GitHub\ci-ecomerce\system\CodeIgniter.php(494): CodeIgniter\CodeIgniter->runController(Object(App\Controllers\Public\Transaction))
#10 C:\Users\marcs\OneDrive\Documents\GitHub\ci-ecomerce\system\CodeIgniter.php(353): CodeIgniter\CodeIgniter->handleRequest(NULL, Object(Config\Cache), false)
#11 C:\Users\marcs\OneDrive\Documents\GitHub\ci-ecomerce\public\index.php(79): CodeIgniter\CodeIgniter->run()
#12 C:\Users\marcs\OneDrive\Documents\GitHub\ci-ecomerce\system\Commands\Server\rewrite.php(47): require_once('C:\\Users\\marcs\\...')
#13 {main}
CRITICAL - 2023-10-15 06:06:50 --> Cannot add or update a child row: a foreign key constraint fails (`db_ecommerce`.`transaksi`, CONSTRAINT `fk_akun` FOREIGN KEY (`id_akun`) REFERENCES `akun` (`id_akun`))
in SYSTEMPATH\Database\BaseConnection.php on line 646.
 1 SYSTEMPATH\Database\BaseBuilder.php(2308): CodeIgniter\Database\BaseConnection->query('INSERT INTO `transaksi` (`id_akun`, `id_ekspedisi`, `total_harga`, `created_at`, `updated_at`) VALUES (:id_akun:, :id_ekspedisi:, :total_harga:, :created_at:, :updated_at:)', [...], false)
 2 SYSTEMPATH\Model.php(319): CodeIgniter\Database\BaseBuilder->insert()
 3 SYSTEMPATH\BaseModel.php(788): CodeIgniter\Model->doInsert([...])
 4 SYSTEMPATH\Model.php(715): CodeIgniter\BaseModel->insert([...], true)
 5 APPPATH\Controllers\Public\Transaction.php(106): CodeIgniter\Model->insert([...])
 6 SYSTEMPATH\CodeIgniter.php(919): App\Controllers\Public\Transaction->checkout()
 7 SYSTEMPATH\CodeIgniter.php(494): CodeIgniter\CodeIgniter->runController(Object(App\Controllers\Public\Transaction))
 8 SYSTEMPATH\CodeIgniter.php(353): CodeIgniter\CodeIgniter->handleRequest(null, Object(Config\Cache), false)
 9 FCPATH\index.php(79): CodeIgniter\CodeIgniter->run()
10 SYSTEMPATH\Commands\Server\rewrite.php(47): require_once('C:\\Users\\marcs\\OneDrive\\Documents\\GitHub\\ci-ecomerce\\public\\index.php')
ERROR - 2023-10-15 06:08:17 --> mysqli_sql_exception: Cannot add or update a child row: a foreign key constraint fails (`db_ecommerce`.`transaksi`, CONSTRAINT `fk_akun` FOREIGN KEY (`id_akun`) REFERENCES `akun` (`id_akun`)) in C:\Users\marcs\OneDrive\Documents\GitHub\ci-ecomerce\system\Database\MySQLi\Connection.php:306
Stack trace:
#0 C:\Users\marcs\OneDrive\Documents\GitHub\ci-ecomerce\system\Database\MySQLi\Connection.php(306): mysqli->query('INSERT INTO `tr...', 0)
#1 C:\Users\marcs\OneDrive\Documents\GitHub\ci-ecomerce\system\Database\BaseConnection.php(692): CodeIgniter\Database\MySQLi\Connection->execute('INSERT INTO `tr...')
#2 C:\Users\marcs\OneDrive\Documents\GitHub\ci-ecomerce\system\Database\BaseConnection.php(606): CodeIgniter\Database\BaseConnection->simpleQuery('INSERT INTO `tr...')
#3 C:\Users\marcs\OneDrive\Documents\GitHub\ci-ecomerce\system\Database\BaseBuilder.php(2308): CodeIgniter\Database\BaseConnection->query('INSERT INTO `tr...', Array, false)
#4 C:\Users\marcs\OneDrive\Documents\GitHub\ci-ecomerce\system\Model.php(319): CodeIgniter\Database\BaseBuilder->insert()
#5 C:\Users\marcs\OneDrive\Documents\GitHub\ci-ecomerce\system\BaseModel.php(788): CodeIgniter\Model->doInsert(Array)
#6 C:\Users\marcs\OneDrive\Documents\GitHub\ci-ecomerce\system\Model.php(715): CodeIgniter\BaseModel->insert(Array, true)
#7 C:\Users\marcs\OneDrive\Documents\GitHub\ci-ecomerce\app\Controllers\Public\Transaction.php(105): CodeIgniter\Model->insert(Array)
#8 C:\Users\marcs\OneDrive\Documents\GitHub\ci-ecomerce\system\CodeIgniter.php(919): App\Controllers\Public\Transaction->checkout()
#9 C:\Users\marcs\OneDrive\Documents\GitHub\ci-ecomerce\system\CodeIgniter.php(494): CodeIgniter\CodeIgniter->runController(Object(App\Controllers\Public\Transaction))
#10 C:\Users\marcs\OneDrive\Documents\GitHub\ci-ecomerce\system\CodeIgniter.php(353): CodeIgniter\CodeIgniter->handleRequest(NULL, Object(Config\Cache), false)
#11 C:\Users\marcs\OneDrive\Documents\GitHub\ci-ecomerce\public\index.php(79): CodeIgniter\CodeIgniter->run()
#12 C:\Users\marcs\OneDrive\Documents\GitHub\ci-ecomerce\system\Commands\Server\rewrite.php(47): require_once('C:\\Users\\marcs\\...')
#13 {main}
CRITICAL - 2023-10-15 06:08:17 --> Cannot add or update a child row: a foreign key constraint fails (`db_ecommerce`.`transaksi`, CONSTRAINT `fk_akun` FOREIGN KEY (`id_akun`) REFERENCES `akun` (`id_akun`))
in SYSTEMPATH\Database\BaseConnection.php on line 646.
 1 SYSTEMPATH\Database\BaseBuilder.php(2308): CodeIgniter\Database\BaseConnection->query('INSERT INTO `transaksi` (`id_akun`, `id_ekspedisi`, `total_harga`, `created_at`, `updated_at`) VALUES (:id_akun:, :id_ekspedisi:, :total_harga:, :created_at:, :updated_at:)', [...], false)
 2 SYSTEMPATH\Model.php(319): CodeIgniter\Database\BaseBuilder->insert()
 3 SYSTEMPATH\BaseModel.php(788): CodeIgniter\Model->doInsert([...])
 4 SYSTEMPATH\Model.php(715): CodeIgniter\BaseModel->insert([...], true)
 5 APPPATH\Controllers\Public\Transaction.php(105): CodeIgniter\Model->insert([...])
 6 SYSTEMPATH\CodeIgniter.php(919): App\Controllers\Public\Transaction->checkout()
 7 SYSTEMPATH\CodeIgniter.php(494): CodeIgniter\CodeIgniter->runController(Object(App\Controllers\Public\Transaction))
 8 SYSTEMPATH\CodeIgniter.php(353): CodeIgniter\CodeIgniter->handleRequest(null, Object(Config\Cache), false)
 9 FCPATH\index.php(79): CodeIgniter\CodeIgniter->run()
10 SYSTEMPATH\Commands\Server\rewrite.php(47): require_once('C:\\Users\\marcs\\OneDrive\\Documents\\GitHub\\ci-ecomerce\\public\\index.php')
ERROR - 2023-10-15 06:08:39 --> mysqli_sql_exception: Cannot add or update a child row: a foreign key constraint fails (`db_ecommerce`.`transaksi`, CONSTRAINT `fk_akun` FOREIGN KEY (`id_akun`) REFERENCES `akun` (`id_akun`)) in C:\Users\marcs\OneDrive\Documents\GitHub\ci-ecomerce\system\Database\MySQLi\Connection.php:306
Stack trace:
#0 C:\Users\marcs\OneDrive\Documents\GitHub\ci-ecomerce\system\Database\MySQLi\Connection.php(306): mysqli->query('INSERT INTO `tr...', 0)
#1 C:\Users\marcs\OneDrive\Documents\GitHub\ci-ecomerce\system\Database\BaseConnection.php(692): CodeIgniter\Database\MySQLi\Connection->execute('INSERT INTO `tr...')
#2 C:\Users\marcs\OneDrive\Documents\GitHub\ci-ecomerce\system\Database\BaseConnection.php(606): CodeIgniter\Database\BaseConnection->simpleQuery('INSERT INTO `tr...')
#3 C:\Users\marcs\OneDrive\Documents\GitHub\ci-ecomerce\system\Database\BaseBuilder.php(2308): CodeIgniter\Database\BaseConnection->query('INSERT INTO `tr...', Array, false)
#4 C:\Users\marcs\OneDrive\Documents\GitHub\ci-ecomerce\system\Model.php(319): CodeIgniter\Database\BaseBuilder->insert()
#5 C:\Users\marcs\OneDrive\Documents\GitHub\ci-ecomerce\system\BaseModel.php(788): CodeIgniter\Model->doInsert(Array)
#6 C:\Users\marcs\OneDrive\Documents\GitHub\ci-ecomerce\system\Model.php(715): CodeIgniter\BaseModel->insert(Array, true)
#7 C:\Users\marcs\OneDrive\Documents\GitHub\ci-ecomerce\app\Controllers\Public\Transaction.php(104): CodeIgniter\Model->insert(Array)
#8 C:\Users\marcs\OneDrive\Documents\GitHub\ci-ecomerce\system\CodeIgniter.php(919): App\Controllers\Public\Transaction->checkout()
#9 C:\Users\marcs\OneDrive\Documents\GitHub\ci-ecomerce\system\CodeIgniter.php(494): CodeIgniter\CodeIgniter->runController(Object(App\Controllers\Public\Transaction))
#10 C:\Users\marcs\OneDrive\Documents\GitHub\ci-ecomerce\system\CodeIgniter.php(353): CodeIgniter\CodeIgniter->handleRequest(NULL, Object(Config\Cache), false)
#11 C:\Users\marcs\OneDrive\Documents\GitHub\ci-ecomerce\public\index.php(79): CodeIgniter\CodeIgniter->run()
#12 C:\Users\marcs\OneDrive\Documents\GitHub\ci-ecomerce\system\Commands\Server\rewrite.php(47): require_once('C:\\Users\\marcs\\...')
#13 {main}
CRITICAL - 2023-10-15 06:08:39 --> Cannot add or update a child row: a foreign key constraint fails (`db_ecommerce`.`transaksi`, CONSTRAINT `fk_akun` FOREIGN KEY (`id_akun`) REFERENCES `akun` (`id_akun`))
in SYSTEMPATH\Database\BaseConnection.php on line 646.
 1 SYSTEMPATH\Database\BaseBuilder.php(2308): CodeIgniter\Database\BaseConnection->query('INSERT INTO `transaksi` (`id_akun`, `id_ekspedisi`, `total_harga`, `created_at`, `updated_at`) VALUES (:id_akun:, :id_ekspedisi:, :total_harga:, :created_at:, :updated_at:)', [...], false)
 2 SYSTEMPATH\Model.php(319): CodeIgniter\Database\BaseBuilder->insert()
 3 SYSTEMPATH\BaseModel.php(788): CodeIgniter\Model->doInsert([...])
 4 SYSTEMPATH\Model.php(715): CodeIgniter\BaseModel->insert([...], true)
 5 APPPATH\Controllers\Public\Transaction.php(104): CodeIgniter\Model->insert([...])
 6 SYSTEMPATH\CodeIgniter.php(919): App\Controllers\Public\Transaction->checkout()
 7 SYSTEMPATH\CodeIgniter.php(494): CodeIgniter\CodeIgniter->runController(Object(App\Controllers\Public\Transaction))
 8 SYSTEMPATH\CodeIgniter.php(353): CodeIgniter\CodeIgniter->handleRequest(null, Object(Config\Cache), false)
 9 FCPATH\index.php(79): CodeIgniter\CodeIgniter->run()
10 SYSTEMPATH\Commands\Server\rewrite.php(47): require_once('C:\\Users\\marcs\\OneDrive\\Documents\\GitHub\\ci-ecomerce\\public\\index.php')
INFO - 2023-10-15 06:09:24 --> Session: Class initialized using 'CodeIgniter\Session\Handlers\FileHandler' driver.
INFO - 2023-10-15 06:09:37 --> Session: Class initialized using 'CodeIgniter\Session\Handlers\FileHandler' driver.
INFO - 2023-10-15 06:09:58 --> Session: Class initialized using 'CodeIgniter\Session\Handlers\FileHandler' driver.
INFO - 2023-10-15 06:10:01 --> Session: Class initialized using 'CodeIgniter\Session\Handlers\FileHandler' driver.
WARNING - 2023-10-15 06:10:01 --> [DEPRECATED] base64_encode(): Passing null to parameter #1 ($string) of type string is deprecated in APPPATH\Views\public\checkout.php on line 142.
 1 APPPATH\Views\public\checkout.php(142): base64_encode(null)
 2 SYSTEMPATH\View\View.php(226): include('C:\\Users\\marcs\\OneDrive\\Documents\\GitHub\\ci-ecomerce\\app\\Views\\public\\checkout.php')
 3 SYSTEMPATH\View\View.php(229): CodeIgniter\View\View->CodeIgniter\View\{closure}()
 4 SYSTEMPATH\Common.php(1188): CodeIgniter\View\View->render('public/checkout', [], true)
 5 APPPATH\Controllers\Public\Transaction.php(46): view('public/checkout', [...])
 6 SYSTEMPATH\CodeIgniter.php(919): App\Controllers\Public\Transaction->add()
 7 SYSTEMPATH\CodeIgniter.php(494): CodeIgniter\CodeIgniter->runController(Object(App\Controllers\Public\Transaction))
 8 SYSTEMPATH\CodeIgniter.php(353): CodeIgniter\CodeIgniter->handleRequest(null, Object(Config\Cache), false)
 9 FCPATH\index.php(79): CodeIgniter\CodeIgniter->run()
10 SYSTEMPATH\Commands\Server\rewrite.php(47): require_once('C:\\Users\\marcs\\OneDrive\\Documents\\GitHub\\ci-ecomerce\\public\\index.php')
ERROR - 2023-10-15 06:10:14 --> mysqli_sql_exception: Cannot add or update a child row: a foreign key constraint fails (`db_ecommerce`.`transaksi`, CONSTRAINT `fk_akun` FOREIGN KEY (`id_akun`) REFERENCES `akun` (`id_akun`)) in C:\Users\marcs\OneDrive\Documents\GitHub\ci-ecomerce\system\Database\MySQLi\Connection.php:306
Stack trace:
#0 C:\Users\marcs\OneDrive\Documents\GitHub\ci-ecomerce\system\Database\MySQLi\Connection.php(306): mysqli->query('INSERT INTO `tr...', 0)
#1 C:\Users\marcs\OneDrive\Documents\GitHub\ci-ecomerce\system\Database\BaseConnection.php(692): CodeIgniter\Database\MySQLi\Connection->execute('INSERT INTO `tr...')
#2 C:\Users\marcs\OneDrive\Documents\GitHub\ci-ecomerce\system\Database\BaseConnection.php(606): CodeIgniter\Database\BaseConnection->simpleQuery('INSERT INTO `tr...')
#3 C:\Users\marcs\OneDrive\Documents\GitHub\ci-ecomerce\system\Database\BaseBuilder.php(2308): CodeIgniter\Database\BaseConnection->query('INSERT INTO `tr...', Array, false)
#4 C:\Users\marcs\OneDrive\Documents\GitHub\ci-ecomerce\system\Model.php(319): CodeIgniter\Database\BaseBuilder->insert()
#5 C:\Users\marcs\OneDrive\Documents\GitHub\ci-ecomerce\system\BaseModel.php(788): CodeIgniter\Model->doInsert(Array)
#6 C:\Users\marcs\OneDrive\Documents\GitHub\ci-ecomerce\system\Model.php(715): CodeIgniter\BaseModel->insert(Array, true)
#7 C:\Users\marcs\OneDrive\Documents\GitHub\ci-ecomerce\app\Controllers\Public\Transaction.php(104): CodeIgniter\Model->insert(Array)
#8 C:\Users\marcs\OneDrive\Documents\GitHub\ci-ecomerce\system\CodeIgniter.php(919): App\Controllers\Public\Transaction->checkout()
#9 C:\Users\marcs\OneDrive\Documents\GitHub\ci-ecomerce\system\CodeIgniter.php(494): CodeIgniter\CodeIgniter->runController(Object(App\Controllers\Public\Transaction))
#10 C:\Users\marcs\OneDrive\Documents\GitHub\ci-ecomerce\system\CodeIgniter.php(353): CodeIgniter\CodeIgniter->handleRequest(NULL, Object(Config\Cache), false)
#11 C:\Users\marcs\OneDrive\Documents\GitHub\ci-ecomerce\public\index.php(79): CodeIgniter\CodeIgniter->run()
#12 C:\Users\marcs\OneDrive\Documents\GitHub\ci-ecomerce\system\Commands\Server\rewrite.php(47): require_once('C:\\Users\\marcs\\...')
#13 {main}
CRITICAL - 2023-10-15 06:10:14 --> Cannot add or update a child row: a foreign key constraint fails (`db_ecommerce`.`transaksi`, CONSTRAINT `fk_akun` FOREIGN KEY (`id_akun`) REFERENCES `akun` (`id_akun`))
in SYSTEMPATH\Database\BaseConnection.php on line 646.
 1 SYSTEMPATH\Database\BaseBuilder.php(2308): CodeIgniter\Database\BaseConnection->query('INSERT INTO `transaksi` (`id_akun`, `id_ekspedisi`, `total_harga`, `created_at`, `updated_at`) VALUES (:id_akun:, :id_ekspedisi:, :total_harga:, :created_at:, :updated_at:)', [...], false)
 2 SYSTEMPATH\Model.php(319): CodeIgniter\Database\BaseBuilder->insert()
 3 SYSTEMPATH\BaseModel.php(788): CodeIgniter\Model->doInsert([...])
 4 SYSTEMPATH\Model.php(715): CodeIgniter\BaseModel->insert([...], true)
 5 APPPATH\Controllers\Public\Transaction.php(104): CodeIgniter\Model->insert([...])
 6 SYSTEMPATH\CodeIgniter.php(919): App\Controllers\Public\Transaction->checkout()
 7 SYSTEMPATH\CodeIgniter.php(494): CodeIgniter\CodeIgniter->runController(Object(App\Controllers\Public\Transaction))
 8 SYSTEMPATH\CodeIgniter.php(353): CodeIgniter\CodeIgniter->handleRequest(null, Object(Config\Cache), false)
 9 FCPATH\index.php(79): CodeIgniter\CodeIgniter->run()
10 SYSTEMPATH\Commands\Server\rewrite.php(47): require_once('C:\\Users\\marcs\\OneDrive\\Documents\\GitHub\\ci-ecomerce\\public\\index.php')
ERROR - 2023-10-15 06:11:09 --> mysqli_sql_exception: Cannot add or update a child row: a foreign key constraint fails (`db_ecommerce`.`transaksi`, CONSTRAINT `fk_akun` FOREIGN KEY (`id_akun`) REFERENCES `akun` (`id_akun`)) in C:\Users\marcs\OneDrive\Documents\GitHub\ci-ecomerce\system\Database\MySQLi\Connection.php:306
Stack trace:
#0 C:\Users\marcs\OneDrive\Documents\GitHub\ci-ecomerce\system\Database\MySQLi\Connection.php(306): mysqli->query('INSERT INTO `tr...', 0)
#1 C:\Users\marcs\OneDrive\Documents\GitHub\ci-ecomerce\system\Database\BaseConnection.php(692): CodeIgniter\Database\MySQLi\Connection->execute('INSERT INTO `tr...')
#2 C:\Users\marcs\OneDrive\Documents\GitHub\ci-ecomerce\system\Database\BaseConnection.php(606): CodeIgniter\Database\BaseConnection->simpleQuery('INSERT INTO `tr...')
#3 C:\Users\marcs\OneDrive\Documents\GitHub\ci-ecomerce\system\Database\BaseBuilder.php(2308): CodeIgniter\Database\BaseConnection->query('INSERT INTO `tr...', Array, false)
#4 C:\Users\marcs\OneDrive\Documents\GitHub\ci-ecomerce\system\Model.php(319): CodeIgniter\Database\BaseBuilder->insert()
#5 C:\Users\marcs\OneDrive\Documents\GitHub\ci-ecomerce\system\BaseModel.php(788): CodeIgniter\Model->doInsert(Array)
#6 C:\Users\marcs\OneDrive\Documents\GitHub\ci-ecomerce\system\Model.php(715): CodeIgniter\BaseModel->insert(Array, true)
#7 C:\Users\marcs\OneDrive\Documents\GitHub\ci-ecomerce\app\Controllers\Public\Transaction.php(104): CodeIgniter\Model->insert(Array)
#8 C:\Users\marcs\OneDrive\Documents\GitHub\ci-ecomerce\system\CodeIgniter.php(919): App\Controllers\Public\Transaction->checkout()
#9 C:\Users\marcs\OneDrive\Documents\GitHub\ci-ecomerce\system\CodeIgniter.php(494): CodeIgniter\CodeIgniter->runController(Object(App\Controllers\Public\Transaction))
#10 C:\Users\marcs\OneDrive\Documents\GitHub\ci-ecomerce\system\CodeIgniter.php(353): CodeIgniter\CodeIgniter->handleRequest(NULL, Object(Config\Cache), false)
#11 C:\Users\marcs\OneDrive\Documents\GitHub\ci-ecomerce\public\index.php(79): CodeIgniter\CodeIgniter->run()
#12 C:\Users\marcs\OneDrive\Documents\GitHub\ci-ecomerce\system\Commands\Server\rewrite.php(47): require_once('C:\\Users\\marcs\\...')
#13 {main}
CRITICAL - 2023-10-15 06:11:09 --> Cannot add or update a child row: a foreign key constraint fails (`db_ecommerce`.`transaksi`, CONSTRAINT `fk_akun` FOREIGN KEY (`id_akun`) REFERENCES `akun` (`id_akun`))
in SYSTEMPATH\Database\BaseConnection.php on line 646.
 1 SYSTEMPATH\Database\BaseBuilder.php(2308): CodeIgniter\Database\BaseConnection->query('INSERT INTO `transaksi` (`id_akun`, `id_ekspedisi`, `total_harga`, `created_at`, `updated_at`) VALUES (:id_akun:, :id_ekspedisi:, :total_harga:, :created_at:, :updated_at:)', [...], false)
 2 SYSTEMPATH\Model.php(319): CodeIgniter\Database\BaseBuilder->insert()
 3 SYSTEMPATH\BaseModel.php(788): CodeIgniter\Model->doInsert([...])
 4 SYSTEMPATH\Model.php(715): CodeIgniter\BaseModel->insert([...], true)
 5 APPPATH\Controllers\Public\Transaction.php(104): CodeIgniter\Model->insert([...])
 6 SYSTEMPATH\CodeIgniter.php(919): App\Controllers\Public\Transaction->checkout()
 7 SYSTEMPATH\CodeIgniter.php(494): CodeIgniter\CodeIgniter->runController(Object(App\Controllers\Public\Transaction))
 8 SYSTEMPATH\CodeIgniter.php(353): CodeIgniter\CodeIgniter->handleRequest(null, Object(Config\Cache), false)
 9 FCPATH\index.php(79): CodeIgniter\CodeIgniter->run()
10 SYSTEMPATH\Commands\Server\rewrite.php(47): require_once('C:\\Users\\marcs\\OneDrive\\Documents\\GitHub\\ci-ecomerce\\public\\index.php')
ERROR - 2023-10-15 06:12:43 --> mysqli_sql_exception: Cannot add or update a child row: a foreign key constraint fails (`db_ecommerce`.`transaksi`, CONSTRAINT `fk_akun` FOREIGN KEY (`id_akun`) REFERENCES `akun` (`id_akun`)) in C:\Users\marcs\OneDrive\Documents\GitHub\ci-ecomerce\system\Database\MySQLi\Connection.php:306
Stack trace:
#0 C:\Users\marcs\OneDrive\Documents\GitHub\ci-ecomerce\system\Database\MySQLi\Connection.php(306): mysqli->query('INSERT INTO `tr...', 0)
#1 C:\Users\marcs\OneDrive\Documents\GitHub\ci-ecomerce\system\Database\BaseConnection.php(692): CodeIgniter\Database\MySQLi\Connection->execute('INSERT INTO `tr...')
#2 C:\Users\marcs\OneDrive\Documents\GitHub\ci-ecomerce\system\Database\BaseConnection.php(606): CodeIgniter\Database\BaseConnection->simpleQuery('INSERT INTO `tr...')
#3 C:\Users\marcs\OneDrive\Documents\GitHub\ci-ecomerce\system\Database\BaseBuilder.php(2308): CodeIgniter\Database\BaseConnection->query('INSERT INTO `tr...', Array, false)
#4 C:\Users\marcs\OneDrive\Documents\GitHub\ci-ecomerce\system\Model.php(319): CodeIgniter\Database\BaseBuilder->insert()
#5 C:\Users\marcs\OneDrive\Documents\GitHub\ci-ecomerce\system\BaseModel.php(788): CodeIgniter\Model->doInsert(Array)
#6 C:\Users\marcs\OneDrive\Documents\GitHub\ci-ecomerce\system\Model.php(715): CodeIgniter\BaseModel->insert(Array, true)
#7 C:\Users\marcs\OneDrive\Documents\GitHub\ci-ecomerce\app\Controllers\Public\Transaction.php(104): CodeIgniter\Model->insert(Array)
#8 C:\Users\marcs\OneDrive\Documents\GitHub\ci-ecomerce\system\CodeIgniter.php(919): App\Controllers\Public\Transaction->checkout()
#9 C:\Users\marcs\OneDrive\Documents\GitHub\ci-ecomerce\system\CodeIgniter.php(494): CodeIgniter\CodeIgniter->runController(Object(App\Controllers\Public\Transaction))
#10 C:\Users\marcs\OneDrive\Documents\GitHub\ci-ecomerce\system\CodeIgniter.php(353): CodeIgniter\CodeIgniter->handleRequest(NULL, Object(Config\Cache), false)
#11 C:\Users\marcs\OneDrive\Documents\GitHub\ci-ecomerce\public\index.php(79): CodeIgniter\CodeIgniter->run()
#12 C:\Users\marcs\OneDrive\Documents\GitHub\ci-ecomerce\system\Commands\Server\rewrite.php(47): require_once('C:\\Users\\marcs\\...')
#13 {main}
CRITICAL - 2023-10-15 06:12:43 --> Cannot add or update a child row: a foreign key constraint fails (`db_ecommerce`.`transaksi`, CONSTRAINT `fk_akun` FOREIGN KEY (`id_akun`) REFERENCES `akun` (`id_akun`))
in SYSTEMPATH\Database\BaseConnection.php on line 646.
 1 SYSTEMPATH\Database\BaseBuilder.php(2308): CodeIgniter\Database\BaseConnection->query('INSERT INTO `transaksi` (`id_akun`, `id_ekspedisi`, `total_harga`, `created_at`, `updated_at`) VALUES (:id_akun:, :id_ekspedisi:, :total_harga:, :created_at:, :updated_at:)', [...], false)
 2 SYSTEMPATH\Model.php(319): CodeIgniter\Database\BaseBuilder->insert()
 3 SYSTEMPATH\BaseModel.php(788): CodeIgniter\Model->doInsert([...])
 4 SYSTEMPATH\Model.php(715): CodeIgniter\BaseModel->insert([...], true)
 5 APPPATH\Controllers\Public\Transaction.php(104): CodeIgniter\Model->insert([...])
 6 SYSTEMPATH\CodeIgniter.php(919): App\Controllers\Public\Transaction->checkout()
 7 SYSTEMPATH\CodeIgniter.php(494): CodeIgniter\CodeIgniter->runController(Object(App\Controllers\Public\Transaction))
 8 SYSTEMPATH\CodeIgniter.php(353): CodeIgniter\CodeIgniter->handleRequest(null, Object(Config\Cache), false)
 9 FCPATH\index.php(79): CodeIgniter\CodeIgniter->run()
10 SYSTEMPATH\Commands\Server\rewrite.php(47): require_once('C:\\Users\\marcs\\OneDrive\\Documents\\GitHub\\ci-ecomerce\\public\\index.php')
ERROR - 2023-10-15 06:12:59 --> mysqli_sql_exception: Cannot add or update a child row: a foreign key constraint fails (`db_ecommerce`.`transaksi`, CONSTRAINT `fk_akun` FOREIGN KEY (`id_akun`) REFERENCES `akun` (`id_akun`)) in C:\Users\marcs\OneDrive\Documents\GitHub\ci-ecomerce\system\Database\MySQLi\Connection.php:306
Stack trace:
#0 C:\Users\marcs\OneDrive\Documents\GitHub\ci-ecomerce\system\Database\MySQLi\Connection.php(306): mysqli->query('INSERT INTO `tr...', 0)
#1 C:\Users\marcs\OneDrive\Documents\GitHub\ci-ecomerce\system\Database\BaseConnection.php(692): CodeIgniter\Database\MySQLi\Connection->execute('INSERT INTO `tr...')
#2 C:\Users\marcs\OneDrive\Documents\GitHub\ci-ecomerce\system\Database\BaseConnection.php(606): CodeIgniter\Database\BaseConnection->simpleQuery('INSERT INTO `tr...')
#3 C:\Users\marcs\OneDrive\Documents\GitHub\ci-ecomerce\system\Database\BaseBuilder.php(2308): CodeIgniter\Database\BaseConnection->query('INSERT INTO `tr...', Array, false)
#4 C:\Users\marcs\OneDrive\Documents\GitHub\ci-ecomerce\system\Model.php(319): CodeIgniter\Database\BaseBuilder->insert()
#5 C:\Users\marcs\OneDrive\Documents\GitHub\ci-ecomerce\system\BaseModel.php(788): CodeIgniter\Model->doInsert(Array)
#6 C:\Users\marcs\OneDrive\Documents\GitHub\ci-ecomerce\system\Model.php(715): CodeIgniter\BaseModel->insert(Array, true)
#7 C:\Users\marcs\OneDrive\Documents\GitHub\ci-ecomerce\app\Controllers\Public\Transaction.php(104): CodeIgniter\Model->insert(Array)
#8 C:\Users\marcs\OneDrive\Documents\GitHub\ci-ecomerce\system\CodeIgniter.php(919): App\Controllers\Public\Transaction->checkout()
#9 C:\Users\marcs\OneDrive\Documents\GitHub\ci-ecomerce\system\CodeIgniter.php(494): CodeIgniter\CodeIgniter->runController(Object(App\Controllers\Public\Transaction))
#10 C:\Users\marcs\OneDrive\Documents\GitHub\ci-ecomerce\system\CodeIgniter.php(353): CodeIgniter\CodeIgniter->handleRequest(NULL, Object(Config\Cache), false)
#11 C:\Users\marcs\OneDrive\Documents\GitHub\ci-ecomerce\public\index.php(79): CodeIgniter\CodeIgniter->run()
#12 C:\Users\marcs\OneDrive\Documents\GitHub\ci-ecomerce\system\Commands\Server\rewrite.php(47): require_once('C:\\Users\\marcs\\...')
#13 {main}
CRITICAL - 2023-10-15 06:12:59 --> Cannot add or update a child row: a foreign key constraint fails (`db_ecommerce`.`transaksi`, CONSTRAINT `fk_akun` FOREIGN KEY (`id_akun`) REFERENCES `akun` (`id_akun`))
in SYSTEMPATH\Database\BaseConnection.php on line 646.
 1 SYSTEMPATH\Database\BaseBuilder.php(2308): CodeIgniter\Database\BaseConnection->query('INSERT INTO `transaksi` (`id_akun`, `id_ekspedisi`, `total_harga`, `created_at`, `updated_at`) VALUES (:id_akun:, :id_ekspedisi:, :total_harga:, :created_at:, :updated_at:)', [...], false)
 2 SYSTEMPATH\Model.php(319): CodeIgniter\Database\BaseBuilder->insert()
 3 SYSTEMPATH\BaseModel.php(788): CodeIgniter\Model->doInsert([...])
 4 SYSTEMPATH\Model.php(715): CodeIgniter\BaseModel->insert([...], true)
 5 APPPATH\Controllers\Public\Transaction.php(104): CodeIgniter\Model->insert([...])
 6 SYSTEMPATH\CodeIgniter.php(919): App\Controllers\Public\Transaction->checkout()
 7 SYSTEMPATH\CodeIgniter.php(494): CodeIgniter\CodeIgniter->runController(Object(App\Controllers\Public\Transaction))
 8 SYSTEMPATH\CodeIgniter.php(353): CodeIgniter\CodeIgniter->handleRequest(null, Object(Config\Cache), false)
 9 FCPATH\index.php(79): CodeIgniter\CodeIgniter->run()
10 SYSTEMPATH\Commands\Server\rewrite.php(47): require_once('C:\\Users\\marcs\\OneDrive\\Documents\\GitHub\\ci-ecomerce\\public\\index.php')
INFO - 2023-10-15 06:13:14 --> Session: Class initialized using 'CodeIgniter\Session\Handlers\FileHandler' driver.
INFO - 2023-10-15 06:13:18 --> Session: Class initialized using 'CodeIgniter\Session\Handlers\FileHandler' driver.
INFO - 2023-10-15 06:13:19 --> Session: Class initialized using 'CodeIgniter\Session\Handlers\FileHandler' driver.
INFO - 2023-10-15 06:13:23 --> Session: Class initialized using 'CodeIgniter\Session\Handlers\FileHandler' driver.
INFO - 2023-10-15 06:13:27 --> Session: Class initialized using 'CodeIgniter\Session\Handlers\FileHandler' driver.
INFO - 2023-10-15 06:13:53 --> Session: Class initialized using 'CodeIgniter\Session\Handlers\FileHandler' driver.
